<?xml version="1.0" encoding="UTF-8"?>
<testng-results ignored="0" total="1" passed="1" failed="0" skipped="0">
  <reporter-output>
  </reporter-output>
  <suite started-at="2024-01-30T23:26:59 IST" name="Default suite" finished-at="2024-01-30T23:27:21 IST" duration-ms="21667">
    <groups>
    </groups>
    <test started-at="2024-01-30T23:26:59 IST" name="Default test" finished-at="2024-01-30T23:27:21 IST" duration-ms="21667">
      <class name="tests.HomePageTest">
        <test-method is-config="true" signature="startServer()[pri:0, instance:tests.HomePageTest@5fb759d6]" started-at="2024-01-30T23:26:59 IST" name="startServer" finished-at="2024-01-30T23:27:00 IST" duration-ms="1369" status="PASS">
          <reporter-output>
          </reporter-output>
        </test-method> <!-- startServer -->
        <test-method signature="addProductToCar()[pri:0, instance:tests.HomePageTest@5fb759d6]" started-at="2024-01-30T23:27:00 IST" name="addProductToCar" finished-at="2024-01-30T23:27:21 IST" duration-ms="20265" status="PASS">
          <reporter-output>
          </reporter-output>
        </test-method> <!-- addProductToCar -->
        <test-method is-config="true" signature="tearDown()[pri:0, instance:tests.HomePageTest@5fb759d6]" started-at="2024-01-30T23:27:21 IST" name="tearDown" finished-at="2024-01-30T23:27:21 IST" duration-ms="5" status="PASS">
          <reporter-output>
          </reporter-output>
        </test-method> <!-- tearDown -->
      </class> <!-- tests.HomePageTest -->
    </test> <!-- Default test -->
  </suite> <!-- Default suite -->
</testng-results>
